{"/Volumes/Projects/NPM-Projects-Course/nodets/api-openweather-chaning/dist/index.js":{"path":"/Volumes/Projects/NPM-Projects-Course/nodets/api-openweather-chaning/dist/index.js","s":{"1":1,"2":1,"3":1,"4":1,"5":3,"6":0,"7":0,"8":0,"9":1,"10":2,"11":1,"12":1,"13":1,"14":1,"15":1},"b":{"1":[1,1,1],"2":[1,0],"3":[1,0],"4":[0,0],"5":[1,1,1],"6":[1,0],"7":[1,1]},"f":{"1":1,"2":3,"3":0,"4":2},"fnMap":{"1":{"name":"(anonymous_1)","line":2,"loc":{"start":{"line":2,"column":74},"end":{"line":2,"column":96}}},"2":{"name":"(anonymous_2)","line":4,"loc":{"start":{"line":4,"column":58},"end":{"line":4,"column":69}}},"3":{"name":"(anonymous_3)","line":5,"loc":{"start":{"line":5,"column":6},"end":{"line":5,"column":28}}},"4":{"name":"(anonymous_4)","line":9,"loc":{"start":{"line":9,"column":50},"end":{"line":9,"column":71}}}},"statementMap":{"1":{"start":{"line":2,"column":0},"end":{"line":8,"column":4}},"2":{"start":{"line":3,"column":4},"end":{"line":3,"column":33}},"3":{"start":{"line":3,"column":26},"end":{"line":3,"column":33}},"4":{"start":{"line":4,"column":4},"end":{"line":4,"column":89}},"5":{"start":{"line":4,"column":71},"end":{"line":4,"column":83}},"6":{"start":{"line":6,"column":4},"end":{"line":6,"column":33}},"7":{"start":{"line":6,"column":26},"end":{"line":6,"column":33}},"8":{"start":{"line":7,"column":4},"end":{"line":7,"column":17}},"9":{"start":{"line":9,"column":0},"end":{"line":11,"column":2}},"10":{"start":{"line":10,"column":4},"end":{"line":10,"column":126}},"11":{"start":{"line":10,"column":21},"end":{"line":10,"column":126}},"12":{"start":{"line":10,"column":95},"end":{"line":10,"column":126}},"13":{"start":{"line":12,"column":0},"end":{"line":12,"column":62}},"14":{"start":{"line":13,"column":0},"end":{"line":13,"column":58}},"15":{"start":{"line":14,"column":0},"end":{"line":14,"column":61}}},"branchMap":{"1":{"line":2,"type":"binary-expr","locations":[{"start":{"line":2,"column":23},"end":{"line":2,"column":27}},{"start":{"line":2,"column":31},"end":{"line":2,"column":51}},{"start":{"line":2,"column":57},"end":{"line":8,"column":2}}]},"2":{"line":2,"type":"cond-expr","locations":[{"start":{"line":2,"column":74},"end":{"line":5,"column":1}},{"start":{"line":5,"column":6},"end":{"line":8,"column":1}}]},"3":{"line":3,"type":"if","locations":[{"start":{"line":3,"column":4},"end":{"line":3,"column":4}},{"start":{"line":3,"column":4},"end":{"line":3,"column":4}}]},"4":{"line":6,"type":"if","locations":[{"start":{"line":6,"column":4},"end":{"line":6,"column":4}},{"start":{"line":6,"column":4},"end":{"line":6,"column":4}}]},"5":{"line":9,"type":"binary-expr","locations":[{"start":{"line":9,"column":20},"end":{"line":9,"column":24}},{"start":{"line":9,"column":28},"end":{"line":9,"column":45}},{"start":{"line":9,"column":50},"end":{"line":11,"column":1}}]},"6":{"line":10,"type":"if","locations":[{"start":{"line":10,"column":21},"end":{"line":10,"column":21}},{"start":{"line":10,"column":21},"end":{"line":10,"column":21}}]},"7":{"line":10,"type":"binary-expr","locations":[{"start":{"line":10,"column":25},"end":{"line":10,"column":40}},{"start":{"line":10,"column":44},"end":{"line":10,"column":93}}]}}},"/Volumes/Projects/NPM-Projects-Course/nodets/api-openweather-chaning/dist/services/api.services.js":{"path":"/Volumes/Projects/NPM-Projects-Course/nodets/api-openweather-chaning/dist/services/api.services.js","s":{"1":1,"2":1,"3":3,"4":0,"5":3,"6":1,"7":3,"8":3,"9":0,"10":1,"11":0,"12":0,"13":0,"14":1,"15":6,"16":3,"17":1,"18":1,"19":1,"20":1,"21":1,"22":1,"23":1,"24":3,"25":3,"26":99,"27":3,"28":3,"29":3,"30":1,"31":1,"32":3,"33":1,"34":1,"35":3,"36":1,"37":1,"38":3,"39":3,"40":3,"41":3,"42":3,"43":3,"44":3,"45":0,"46":3,"47":3,"48":3,"49":1},"b":{"1":[1,1,1],"2":[3,0],"3":[3,3],"4":[3,3],"5":[3,3],"6":[1,1,1],"7":[0,1],"8":[1,1],"9":[3,0],"10":[3,0],"11":[3,3],"12":[0,1],"13":[0,1],"14":[1,1],"15":[1,0],"16":[0,3]},"f":{"1":3,"2":3,"3":0,"4":3,"5":3,"6":0,"7":6,"8":1,"9":3,"10":3},"fnMap":{"1":{"name":"(anonymous_1)","line":7,"loc":{"start":{"line":7,"column":44},"end":{"line":7,"column":89}}},"2":{"name":"adopt","line":8,"loc":{"start":{"line":8,"column":4},"end":{"line":8,"column":26}}},"3":{"name":"(anonymous_3)","line":8,"loc":{"start":{"line":8,"column":70},"end":{"line":8,"column":89}}},"4":{"name":"(anonymous_4)","line":9,"loc":{"start":{"line":9,"column":36},"end":{"line":9,"column":63}}},"5":{"name":"fulfilled","line":10,"loc":{"start":{"line":10,"column":8},"end":{"line":10,"column":34}}},"6":{"name":"rejected","line":11,"loc":{"start":{"line":11,"column":8},"end":{"line":11,"column":33}}},"7":{"name":"step","line":12,"loc":{"start":{"line":12,"column":8},"end":{"line":12,"column":30}}},"8":{"name":"(anonymous_8)","line":16,"loc":{"start":{"line":16,"column":56},"end":{"line":16,"column":71}}},"9":{"name":"(anonymous_9)","line":59,"loc":{"start":{"line":59,"column":15},"end":{"line":59,"column":55}}},"10":{"name":"(anonymous_10)","line":134,"loc":{"start":{"line":134,"column":84},"end":{"line":134,"column":97}}}},"statementMap":{"1":{"start":{"line":7,"column":0},"end":{"line":15,"column":2}},"2":{"start":{"line":8,"column":4},"end":{"line":8,"column":112}},"3":{"start":{"line":8,"column":28},"end":{"line":8,"column":110}},"4":{"start":{"line":8,"column":91},"end":{"line":8,"column":106}},"5":{"start":{"line":9,"column":4},"end":{"line":14,"column":7}},"6":{"start":{"line":10,"column":8},"end":{"line":10,"column":99}},"7":{"start":{"line":10,"column":36},"end":{"line":10,"column":97}},"8":{"start":{"line":10,"column":42},"end":{"line":10,"column":70}},"9":{"start":{"line":10,"column":85},"end":{"line":10,"column":95}},"10":{"start":{"line":11,"column":8},"end":{"line":11,"column":102}},"11":{"start":{"line":11,"column":35},"end":{"line":11,"column":100}},"12":{"start":{"line":11,"column":41},"end":{"line":11,"column":73}},"13":{"start":{"line":11,"column":88},"end":{"line":11,"column":98}},"14":{"start":{"line":12,"column":8},"end":{"line":12,"column":118}},"15":{"start":{"line":12,"column":32},"end":{"line":12,"column":116}},"16":{"start":{"line":13,"column":8},"end":{"line":13,"column":78}},"17":{"start":{"line":16,"column":0},"end":{"line":18,"column":2}},"18":{"start":{"line":17,"column":4},"end":{"line":17,"column":62}},"19":{"start":{"line":19,"column":0},"end":{"line":19,"column":62}},"20":{"start":{"line":20,"column":0},"end":{"line":20,"column":28}},"21":{"start":{"line":21,"column":0},"end":{"line":21,"column":50}},"22":{"start":{"line":22,"column":0},"end":{"line":22,"column":54}},"23":{"start":{"line":23,"column":0},"end":{"line":23,"column":56}},"24":{"start":{"line":66,"column":8},"end":{"line":70,"column":10}},"25":{"start":{"line":67,"column":12},"end":{"line":69,"column":41}},"26":{"start":{"line":67,"column":48},"end":{"line":67,"column":63}},"27":{"start":{"line":77,"column":8},"end":{"line":79,"column":10}},"28":{"start":{"line":78,"column":12},"end":{"line":78,"column":84}},"29":{"start":{"line":91,"column":8},"end":{"line":94,"column":10}},"30":{"start":{"line":92,"column":12},"end":{"line":92,"column":89}},"31":{"start":{"line":93,"column":12},"end":{"line":93,"column":57}},"32":{"start":{"line":105,"column":8},"end":{"line":108,"column":10}},"33":{"start":{"line":106,"column":12},"end":{"line":106,"column":152}},"34":{"start":{"line":107,"column":12},"end":{"line":107,"column":57}},"35":{"start":{"line":120,"column":8},"end":{"line":123,"column":10}},"36":{"start":{"line":121,"column":12},"end":{"line":121,"column":89}},"37":{"start":{"line":122,"column":12},"end":{"line":122,"column":57}},"38":{"start":{"line":134,"column":8},"end":{"line":145,"column":11}},"39":{"start":{"line":134,"column":52},"end":{"line":145,"column":10}},"40":{"start":{"line":135,"column":12},"end":{"line":135,"column":76}},"41":{"start":{"line":137,"column":12},"end":{"line":137,"column":186}},"42":{"start":{"line":138,"column":12},"end":{"line":144,"column":13}},"43":{"start":{"line":139,"column":16},"end":{"line":139,"column":57}},"44":{"start":{"line":140,"column":16},"end":{"line":140,"column":30}},"45":{"start":{"line":143,"column":16},"end":{"line":143,"column":29}},"46":{"start":{"line":146,"column":8},"end":{"line":146,"column":29}},"47":{"start":{"line":147,"column":8},"end":{"line":147,"column":34}},"48":{"start":{"line":148,"column":8},"end":{"line":148,"column":32}},"49":{"start":{"line":152,"column":0},"end":{"line":152,"column":32}}},"branchMap":{"1":{"line":7,"type":"binary-expr","locations":[{"start":{"line":7,"column":17},"end":{"line":7,"column":21}},{"start":{"line":7,"column":25},"end":{"line":7,"column":39}},{"start":{"line":7,"column":44},"end":{"line":15,"column":1}}]},"2":{"line":8,"type":"cond-expr","locations":[{"start":{"line":8,"column":56},"end":{"line":8,"column":61}},{"start":{"line":8,"column":64},"end":{"line":8,"column":109}}]},"3":{"line":9,"type":"binary-expr","locations":[{"start":{"line":9,"column":16},"end":{"line":9,"column":17}},{"start":{"line":9,"column":22},"end":{"line":9,"column":33}}]},"4":{"line":12,"type":"cond-expr","locations":[{"start":{"line":12,"column":46},"end":{"line":12,"column":67}},{"start":{"line":12,"column":70},"end":{"line":12,"column":115}}]},"5":{"line":13,"type":"binary-expr","locations":[{"start":{"line":13,"column":51},"end":{"line":13,"column":61}},{"start":{"line":13,"column":65},"end":{"line":13,"column":67}}]},"6":{"line":16,"type":"binary-expr","locations":[{"start":{"line":16,"column":23},"end":{"line":16,"column":27}},{"start":{"line":16,"column":31},"end":{"line":16,"column":51}},{"start":{"line":16,"column":56},"end":{"line":18,"column":1}}]},"7":{"line":17,"type":"cond-expr","locations":[{"start":{"line":17,"column":37},"end":{"line":17,"column":40}},{"start":{"line":17,"column":43},"end":{"line":17,"column":61}}]},"8":{"line":17,"type":"binary-expr","locations":[{"start":{"line":17,"column":12},"end":{"line":17,"column":15}},{"start":{"line":17,"column":19},"end":{"line":17,"column":33}}]},"9":{"line":67,"type":"cond-expr","locations":[{"start":{"line":68,"column":18},"end":{"line":68,"column":45}},{"start":{"line":69,"column":18},"end":{"line":69,"column":40}}]},"10":{"line":78,"type":"cond-expr","locations":[{"start":{"line":78,"column":63},"end":{"line":78,"column":78}},{"start":{"line":78,"column":81},"end":{"line":78,"column":83}}]},"11":{"line":78,"type":"binary-expr","locations":[{"start":{"line":78,"column":26},"end":{"line":78,"column":38}},{"start":{"line":78,"column":42},"end":{"line":78,"column":59}}]},"12":{"line":92,"type":"cond-expr","locations":[{"start":{"line":92,"column":49},"end":{"line":92,"column":60}},{"start":{"line":92,"column":63},"end":{"line":92,"column":88}}]},"13":{"line":106,"type":"cond-expr","locations":[{"start":{"line":106,"column":75},"end":{"line":106,"column":107}},{"start":{"line":106,"column":110},"end":{"line":106,"column":151}}]},"14":{"line":106,"type":"binary-expr","locations":[{"start":{"line":106,"column":28},"end":{"line":106,"column":50}},{"start":{"line":106,"column":54},"end":{"line":106,"column":71}}]},"15":{"line":121,"type":"cond-expr","locations":[{"start":{"line":121,"column":49},"end":{"line":121,"column":60}},{"start":{"line":121,"column":63},"end":{"line":121,"column":88}}]},"16":{"line":137,"type":"cond-expr","locations":[{"start":{"line":137,"column":41},"end":{"line":137,"column":112}},{"start":{"line":137,"column":115},"end":{"line":137,"column":185}}]}}},"/Volumes/Projects/NPM-Projects-Course/nodets/api-openweather-chaning/dist/constants/constants.js":{"path":"/Volumes/Projects/NPM-Projects-Course/nodets/api-openweather-chaning/dist/constants/constants.js","s":{"1":1,"2":1,"3":1,"4":1,"5":1,"6":1},"b":{},"f":{},"fnMap":{},"statementMap":{"1":{"start":{"line":5,"column":0},"end":{"line":5,"column":62}},"2":{"start":{"line":6,"column":0},"end":{"line":6,"column":68}},"3":{"start":{"line":12,"column":0},"end":{"line":12,"column":110}},"4":{"start":{"line":13,"column":0},"end":{"line":13,"column":38}},"5":{"start":{"line":14,"column":0},"end":{"line":14,"column":26}},"6":{"start":{"line":15,"column":0},"end":{"line":15,"column":28}}},"branchMap":{}},"/Volumes/Projects/NPM-Projects-Course/nodets/api-openweather-chaning/dist/constants/lang-codes.js":{"path":"/Volumes/Projects/NPM-Projects-Course/nodets/api-openweather-chaning/dist/constants/lang-codes.js","s":{"1":1,"2":1,"3":1},"b":{},"f":{},"fnMap":{},"statementMap":{"1":{"start":{"line":2,"column":0},"end":{"line":2,"column":62}},"2":{"start":{"line":3,"column":0},"end":{"line":3,"column":27}},"3":{"start":{"line":8,"column":0},"end":{"line":42,"column":2}}},"branchMap":{}},"/Volumes/Projects/NPM-Projects-Course/nodets/api-openweather-chaning/dist/interfaces/api.interface.js":{"path":"/Volumes/Projects/NPM-Projects-Course/nodets/api-openweather-chaning/dist/interfaces/api.interface.js","s":{"1":1},"b":{},"f":{},"fnMap":{},"statementMap":{"1":{"start":{"line":2,"column":0},"end":{"line":2,"column":62}}},"branchMap":{}}}