TN:
SF:/Volumes/Projects/NPM-Projects-Course/nodets/api-openweather-chaning/dist/index.js
FN:2,(anonymous_1)
FN:4,(anonymous_2)
FN:5,(anonymous_3)
FN:9,(anonymous_4)
FNF:4
FNH:3
FNDA:1,(anonymous_1)
FNDA:3,(anonymous_2)
FNDA:0,(anonymous_3)
FNDA:2,(anonymous_4)
DA:2,1
DA:3,1
DA:4,3
DA:6,0
DA:7,0
DA:9,1
DA:10,2
DA:12,1
DA:13,1
DA:14,1
LF:10
LH:8
BRDA:2,1,0,1
BRDA:2,1,1,1
BRDA:2,1,2,1
BRDA:2,2,0,1
BRDA:2,2,1,0
BRDA:3,3,0,1
BRDA:3,3,1,0
BRDA:6,4,0,0
BRDA:6,4,1,0
BRDA:9,5,0,1
BRDA:9,5,1,1
BRDA:9,5,2,1
BRDA:10,6,0,1
BRDA:10,6,1,0
BRDA:10,7,0,1
BRDA:10,7,1,1
BRF:16
BRH:11
end_of_record
TN:
SF:/Volumes/Projects/NPM-Projects-Course/nodets/api-openweather-chaning/dist/services/api.services.js
FN:7,(anonymous_1)
FN:8,adopt
FN:8,(anonymous_3)
FN:9,(anonymous_4)
FN:10,fulfilled
FN:11,rejected
FN:12,step
FN:16,(anonymous_8)
FN:59,(anonymous_9)
FN:134,(anonymous_10)
FNF:10
FNH:8
FNDA:3,(anonymous_1)
FNDA:3,adopt
FNDA:0,(anonymous_3)
FNDA:3,(anonymous_4)
FNDA:3,fulfilled
FNDA:0,rejected
FNDA:6,step
FNDA:1,(anonymous_8)
FNDA:3,(anonymous_9)
FNDA:3,(anonymous_10)
DA:7,1
DA:8,3
DA:9,3
DA:10,3
DA:11,1
DA:12,6
DA:13,3
DA:16,1
DA:17,1
DA:19,1
DA:20,1
DA:21,1
DA:22,1
DA:23,1
DA:66,3
DA:67,99
DA:77,3
DA:78,3
DA:91,3
DA:92,1
DA:93,1
DA:105,3
DA:106,1
DA:107,1
DA:120,3
DA:121,1
DA:122,1
DA:134,3
DA:135,3
DA:137,3
DA:138,3
DA:139,3
DA:140,3
DA:143,0
DA:146,3
DA:147,3
DA:148,3
DA:152,1
LF:38
LH:37
BRDA:7,1,0,1
BRDA:7,1,1,1
BRDA:7,1,2,1
BRDA:8,2,0,3
BRDA:8,2,1,0
BRDA:9,3,0,3
BRDA:9,3,1,3
BRDA:12,4,0,3
BRDA:12,4,1,3
BRDA:13,5,0,3
BRDA:13,5,1,3
BRDA:16,6,0,1
BRDA:16,6,1,1
BRDA:16,6,2,1
BRDA:17,7,0,0
BRDA:17,7,1,1
BRDA:17,8,0,1
BRDA:17,8,1,1
BRDA:67,9,0,3
BRDA:67,9,1,0
BRDA:78,10,0,3
BRDA:78,10,1,0
BRDA:78,11,0,3
BRDA:78,11,1,3
BRDA:92,12,0,0
BRDA:92,12,1,1
BRDA:106,13,0,0
BRDA:106,13,1,1
BRDA:106,14,0,1
BRDA:106,14,1,1
BRDA:121,15,0,1
BRDA:121,15,1,0
BRDA:137,16,0,0
BRDA:137,16,1,3
BRF:34
BRH:26
end_of_record
TN:
SF:/Volumes/Projects/NPM-Projects-Course/nodets/api-openweather-chaning/dist/constants/constants.js
FNF:0
FNH:0
DA:5,1
DA:6,1
DA:12,1
DA:13,1
DA:14,1
DA:15,1
LF:6
LH:6
BRF:0
BRH:0
end_of_record
TN:
SF:/Volumes/Projects/NPM-Projects-Course/nodets/api-openweather-chaning/dist/constants/lang-codes.js
FNF:0
FNH:0
DA:2,1
DA:3,1
DA:8,1
LF:3
LH:3
BRF:0
BRH:0
end_of_record
TN:
SF:/Volumes/Projects/NPM-Projects-Course/nodets/api-openweather-chaning/dist/interfaces/api.interface.js
FNF:0
FNH:0
DA:2,1
LF:1
LH:1
BRF:0
BRH:0
end_of_record
